0 info it worked if it ends with ok
1 verbose cli [ '/Users/kevin.chen/.nvm/versions/node/v4.2.6/bin/node',
1 verbose cli   '/Users/kevin.chen/.nvm/versions/node/v4.2.6/bin/npm',
1 verbose cli   'start' ]
2 info using npm@3.10.10
3 info using node@v4.2.6
4 verbose stack Error: Failed to parse json
4 verbose stack Unexpected token '/' at 10:3
4 verbose stack   // "proxy": "http://some-url/some-endpoint",
4 verbose stack   ^
4 verbose stack     at parseError (/Users/kevin.chen/.nvm/versions/node/v4.2.6/lib/node_modules/npm/node_modules/read-package-json/read-json.js:390:11)
4 verbose stack     at parseJson (/Users/kevin.chen/.nvm/versions/node/v4.2.6/lib/node_modules/npm/node_modules/read-package-json/read-json.js:79:23)
4 verbose stack     at /Users/kevin.chen/.nvm/versions/node/v4.2.6/lib/node_modules/npm/node_modules/read-package-json/read-json.js:48:5
4 verbose stack     at /Users/kevin.chen/.nvm/versions/node/v4.2.6/lib/node_modules/npm/node_modules/graceful-fs/graceful-fs.js:78:16
4 verbose stack     at FSReqWrap.readFileAfterClose [as oncomplete] (fs.js:380:3)
5 verbose cwd /Users/kevin.chen/Desktop/projects/flickr
6 error Darwin 15.6.0
7 error argv "/Users/kevin.chen/.nvm/versions/node/v4.2.6/bin/node" "/Users/kevin.chen/.nvm/versions/node/v4.2.6/bin/npm" "start"
8 error node v4.2.6
9 error npm  v3.10.10
10 error file /Users/kevin.chen/Desktop/projects/flickr/package.json
11 error code EJSONPARSE
12 error Failed to parse json
12 error Unexpected token '/' at 10:3
12 error   // "proxy": "http://some-url/some-endpoint",
12 error   ^
13 error File: /Users/kevin.chen/Desktop/projects/flickr/package.json
14 error Failed to parse package.json data.
14 error package.json must be actual JSON, not just JavaScript.
14 error
14 error This is not a bug in npm.
14 error Tell the package author to fix their package.json file. JSON.parse
15 verbose exit [ 1, true ]
